<?xml version="1.0" encoding="UTF-8"?>
<!-- Generated by org.testng.reporters.JUnitReportReporter -->
<testsuite hostname="Sandy" failures="0" tests="1" name="com.w2a.testcases.OpenAccountTest" time="0.002" errors="0" timestamp="17 Nov 2021 22:21:20 GMT" skipped="1">
  <testcase classname="com.w2a.testcases.OpenAccountTest" name="openAccountTest" time="0.002">
    <skipped/>
  </testcase> <!-- openAccountTest -->
</testsuite> <!-- com.w2a.testcases.OpenAccountTest -->
